[2023-04-30 06:57:40,406] {taskinstance.py:1159} INFO - Dependencies all met for <TaskInstance: dag_etl.dim_time scheduled__2023-04-28T00:00:00+00:00 [queued]>
[2023-04-30 06:57:40,850] {taskinstance.py:1159} INFO - Dependencies all met for <TaskInstance: dag_etl.dim_time scheduled__2023-04-28T00:00:00+00:00 [queued]>
[2023-04-30 06:57:40,853] {taskinstance.py:1356} INFO - 
--------------------------------------------------------------------------------
[2023-04-30 06:57:40,861] {taskinstance.py:1357} INFO - Starting attempt 2 of 6
[2023-04-30 06:57:40,866] {taskinstance.py:1358} INFO - 
--------------------------------------------------------------------------------
[2023-04-30 06:57:41,509] {taskinstance.py:1377} INFO - Executing <Task(_PythonDecoratedOperator): dim_time> on 2023-04-28 00:00:00+00:00
[2023-04-30 06:57:41,573] {standard_task_runner.py:52} INFO - Started process 384 to run task
[2023-04-30 06:57:41,675] {standard_task_runner.py:79} INFO - Running: ['***', 'tasks', 'run', 'dag_etl', 'dim_time', 'scheduled__2023-04-28T00:00:00+00:00', '--job-id', '21', '--raw', '--subdir', 'DAGS_FOLDER/dag_etl_taskflow.py', '--cfg-path', '/tmp/tmp14fkiauo', '--error-file', '/tmp/tmp7qs1my_4']
[2023-04-30 06:57:41,705] {standard_task_runner.py:80} INFO - Job 21: Subtask dim_time
[2023-04-30 06:57:43,439] {task_command.py:370} INFO - Running <TaskInstance: dag_etl.dim_time scheduled__2023-04-28T00:00:00+00:00 [running]> on host 295d97741f96
[2023-04-30 06:57:49,208] {taskinstance.py:1571} INFO - Exporting the following env vars:
AIRFLOW_CTX_DAG_OWNER=Victor
AIRFLOW_CTX_DAG_ID=dag_etl
AIRFLOW_CTX_TASK_ID=dim_time
AIRFLOW_CTX_EXECUTION_DATE=2023-04-28T00:00:00+00:00
AIRFLOW_CTX_TRY_NUMBER=2
AIRFLOW_CTX_DAG_RUN_ID=scheduled__2023-04-28T00:00:00+00:00
[2023-04-30 06:57:53,112] {base.py:68} INFO - Using connection ID 'postgres_conn' for task execution.
[2023-04-30 06:57:55,006] {taskinstance.py:1889} ERROR - Task failed with exception
Traceback (most recent call last):
  File "/home/airflow/.local/lib/python3.7/site-packages/sqlalchemy/engine/base.py", line 1686, in _execute_context
    cursor, statement, parameters, context
  File "/home/airflow/.local/lib/python3.7/site-packages/sqlalchemy/dialects/postgresql/psycopg2.py", line 909, in do_executemany
    **kwargs
  File "/home/airflow/.local/lib/python3.7/site-packages/psycopg2/extras.py", line 1270, in execute_values
    cur.execute(b''.join(parts))
psycopg2.errors.UndefinedTable: relation "stage.dim_time" does not exist
LINE 1: INSERT INTO stage.dim_time (time, day_part) VALUES ('00:00:0...
                    ^


The above exception was the direct cause of the following exception:

Traceback (most recent call last):
  File "/home/airflow/.local/lib/python3.7/site-packages/airflow/decorators/base.py", line 179, in execute
    return_value = super().execute(context)
  File "/home/airflow/.local/lib/python3.7/site-packages/airflow/operators/python.py", line 171, in execute
    return_value = self.execute_callable()
  File "/home/airflow/.local/lib/python3.7/site-packages/airflow/operators/python.py", line 189, in execute_callable
    return self.python_callable(*self.op_args, **self.op_kwargs)
  File "/opt/airflow/dags/dag_etl_taskflow.py", line 252, in dim_time
    df.to_sql('dim_time', postgres_hook.get_sqlalchemy_engine(), schema='stage', if_exists='replace', index=False)
  File "/home/airflow/.local/lib/python3.7/site-packages/pandas/core/generic.py", line 2882, in to_sql
    method=method,
  File "/home/airflow/.local/lib/python3.7/site-packages/pandas/io/sql.py", line 728, in to_sql
    **engine_kwargs,
  File "/home/airflow/.local/lib/python3.7/site-packages/pandas/io/sql.py", line 1770, in to_sql
    **engine_kwargs,
  File "/home/airflow/.local/lib/python3.7/site-packages/pandas/io/sql.py", line 1350, in insert_records
    raise err
  File "/home/airflow/.local/lib/python3.7/site-packages/pandas/io/sql.py", line 1340, in insert_records
    table.insert(chunksize=chunksize, method=method)
  File "/home/airflow/.local/lib/python3.7/site-packages/pandas/io/sql.py", line 967, in insert
    exec_insert(conn, keys, chunk_iter)
  File "/home/airflow/.local/lib/python3.7/site-packages/pandas/io/sql.py", line 882, in _execute_insert
    conn.execute(self.table.insert(), data)
  File "/home/airflow/.local/lib/python3.7/site-packages/sqlalchemy/engine/base.py", line 1200, in execute
    return meth(self, multiparams, params, _EMPTY_EXECUTION_OPTS)
  File "/home/airflow/.local/lib/python3.7/site-packages/sqlalchemy/sql/elements.py", line 314, in _execute_on_connection
    self, multiparams, params, execution_options
  File "/home/airflow/.local/lib/python3.7/site-packages/sqlalchemy/engine/base.py", line 1399, in _execute_clauseelement
    cache_hit=cache_hit,
  File "/home/airflow/.local/lib/python3.7/site-packages/sqlalchemy/engine/base.py", line 1749, in _execute_context
    e, statement, parameters, cursor, context
  File "/home/airflow/.local/lib/python3.7/site-packages/sqlalchemy/engine/base.py", line 1930, in _handle_dbapi_exception
    sqlalchemy_exception, with_traceback=exc_info[2], from_=e
  File "/home/airflow/.local/lib/python3.7/site-packages/sqlalchemy/util/compat.py", line 211, in raise_
    raise exception
  File "/home/airflow/.local/lib/python3.7/site-packages/sqlalchemy/engine/base.py", line 1686, in _execute_context
    cursor, statement, parameters, context
  File "/home/airflow/.local/lib/python3.7/site-packages/sqlalchemy/dialects/postgresql/psycopg2.py", line 909, in do_executemany
    **kwargs
  File "/home/airflow/.local/lib/python3.7/site-packages/psycopg2/extras.py", line 1270, in execute_values
    cur.execute(b''.join(parts))
sqlalchemy.exc.ProgrammingError: (psycopg2.errors.UndefinedTable) relation "stage.dim_time" does not exist
LINE 1: INSERT INTO stage.dim_time (time, day_part) VALUES ('00:00:0...
                    ^

[SQL: INSERT INTO stage.dim_time (time, day_part) VALUES (%(time)s, %(day_part)s)]
[parameters: ({'time': '00:00:00', 'day_part': 'night'}, {'time': '00:01:00', 'day_part': 'night'}, {'time': '00:02:00', 'day_part': 'night'}, {'time': '00:03:00', 'day_part': 'night'}, {'time': '00:04:00', 'day_part': 'night'}, {'time': '00:05:00', 'day_part': 'night'}, {'time': '00:06:00', 'day_part': 'night'}, {'time': '00:07:00', 'day_part': 'night'}  ... displaying 10 of 1440 total bound parameter sets ...  {'time': '23:58:00', 'day_part': 'night'}, {'time': '23:59:00', 'day_part': 'night'})]
(Background on this error at: http://sqlalche.me/e/14/f405)
[2023-04-30 06:57:55,785] {taskinstance.py:1400} INFO - Marking task as UP_FOR_RETRY. dag_id=dag_etl, task_id=dim_time, execution_date=20230428T000000, start_date=20230430T065740, end_date=20230430T065755
[2023-04-30 06:57:56,391] {standard_task_runner.py:97} ERROR - Failed to execute job 21 for task dim_time ((psycopg2.errors.UndefinedTable) relation "stage.dim_time" does not exist
LINE 1: INSERT INTO stage.dim_time (time, day_part) VALUES ('00:00:0...
                    ^

[SQL: INSERT INTO stage.dim_time (time, day_part) VALUES (%(time)s, %(day_part)s)]
[parameters: ({'time': '00:00:00', 'day_part': 'night'}, {'time': '00:01:00', 'day_part': 'night'}, {'time': '00:02:00', 'day_part': 'night'}, {'time': '00:03:00', 'day_part': 'night'}, {'time': '00:04:00', 'day_part': 'night'}, {'time': '00:05:00', 'day_part': 'night'}, {'time': '00:06:00', 'day_part': 'night'}, {'time': '00:07:00', 'day_part': 'night'}  ... displaying 10 of 1440 total bound parameter sets ...  {'time': '23:58:00', 'day_part': 'night'}, {'time': '23:59:00', 'day_part': 'night'})]
(Background on this error at: http://sqlalche.me/e/14/f405); 384)
[2023-04-30 06:57:56,588] {local_task_job.py:156} INFO - Task exited with return code 1
[2023-04-30 06:57:57,415] {local_task_job.py:273} INFO - 0 downstream tasks scheduled from follow-on schedule check
